<?xml version="1.0" encoding="UTF-8"?>
<!-- Generated by org.testng.reporters.JUnitXMLReporter -->
<testsuite hostname="DLLB0478" name="Default test" tests="6" failures="0" timestamp="18 Oct 2016 11:31:49 GMT" time="12.381" errors="0">
  <testcase name="openBrowser" time="7.27" classname="session14.Tatoc"/>
  <testcase name="gategrid" time="0.365" classname="session14.Tatoc"/>
  <testcase name="framedungeon" time="1.695" classname="session14.Tatoc"/>
  <testcase name="draganddrop" time="0.624" classname="session14.Tatoc"/>
  <testcase name="popupwindow" time="1.842" classname="session14.Tatoc"/>
  <testcase name="cookiehandllng" time="0.542" classname="session14.Tatoc"/>
</testsuite> <!-- Default test -->
